<?xml version="1.0" encoding="UTF-8"?>
<testsuite xmlns:xsi="http://www.w3.org/2001/XMLSchema-instance" xsi:noNamespaceSchemaLocation="https://maven.apache.org/surefire/maven-surefire-plugin/xsd/surefire-test-report-3.0.xsd" version="3.0" name="com.example.botexchangeproject.BotExchangeProjectApplicationTests" time="1.118" tests="1" errors="0" skipped="0" failures="0">
  <properties>
[...]
</properties>
  <testcase name="contextLoads" classname="com.example.botexchangeproject.BotExchangeProjectApplicationTests" time="0.398">
    <system-out><![CDATA[09:45:08.994 [main] INFO org.springframework.test.context.support.AnnotationConfigContextLoaderUtils -- Could not detect default configuration classes for test class [com.example.botexchangeproject.BotExchangeProjectApplicationTests]: BotExchangeProjectApplicationTests does not declare any static, non-private, non-final, nested classes annotated with @Configuration.
09:45:09.033 [main] INFO org.springframework.boot.test.context.SpringBootTestContextBootstrapper -- Found @SpringBootConfiguration com.example.botexchangeproject.BotExchangeProjectApplication for test class com.example.botexchangeproject.BotExchangeProjectApplicationTests
09:45:09.081 [main] INFO org.springframework.boot.devtools.restart.RestartApplicationListener -- Restart disabled due to context in which it is running

  .   ____          _            __ _ _
 /\\ / ___'_ __ _ _(_)_ __  __ _ \ \ \ \
( ( )\___ | '_ | '_| | '_ \/ _` | \ \ \ \
 \\/  ___)| |_)| | | | | || (_| |  ) ) ) )
  '  |____| .__|_| |_|_| |_\__, | / / / /
 =========|_|==============|___/=/_/_/_/
 :: Spring Boot ::                (v3.1.5)

2024-02-09T09:45:09.168Z  INFO 74704 --- [           main] c.e.b.BotExchangeProjectApplicationTests : Starting BotExchangeProjectApplicationTests using Java 21.0.1 with PID 74704 (started by christopher.crabbe2 in /Users/christopher.crabbe2/Desktop/TheBotProject/BOT Exchange Project/Bot Exchange Project)
2024-02-09T09:45:09.169Z  INFO 74704 --- [           main] c.e.b.BotExchangeProjectApplicationTests : No active profile set, falling back to 1 default profile: "default"
2024-02-09T09:45:09.578Z  INFO 74704 --- [           main] o.s.b.a.w.s.WelcomePageHandlerMapping    : Adding welcome page template: index
2024-02-09T09:45:09.642Z  INFO 74704 --- [           main] c.e.b.BotExchangeProjectApplicationTests : Started BotExchangeProjectApplicationTests in 0.564 seconds (process running for 0.93)
]]></system-out>
    <system-err><![CDATA[WARNING: A Java agent has been loaded dynamically (/Users/christopher.crabbe2/.m2/repository/net/bytebuddy/byte-buddy-agent/1.14.9/byte-buddy-agent-1.14.9.jar)
WARNING: If a serviceability tool is in use, please run with -XX:+EnableDynamicAgentLoading to hide this warning
WARNING: If a serviceability tool is not in use, please run with -Djdk.instrument.traceUsage for more information
WARNING: Dynamic loading of agents will be disallowed by default in a future release
]]></system-err>
  </testcase>
</testsuite>